1640637718987	geckodriver	INFO	Listening on 127.0.0.1:36609
1640637718991	mozrunner::runner	INFO	Running command: "/usr/bin/firefox" "--marionette" "--remote-debugging-port" "34505" "-no-remote" "-profile" "/tmp/rust_mozprofileUJiLUA"
1640637719591	Marionette	INFO	Marionette enabled
console.info: MINT: Trying to use the system region (based on LANG).
console.info: MINT: System region is US
console.info: MINT: Trying to use the system region (based on LANG).
console.info: MINT: System region is US
console.warn: SearchSettings: "get: No settings file exists, new profile?" (new NotFoundError("Could not open the file at /tmp/rust_mozprofileUJiLUA/search.json.mozlz4", (void 0)))
console.info: MINT: Loading search-config defaults.
JavaScript error: resource:///modules/BrowserGlue.jsm, line 4033: TypeError: invalid assignment to const 'dialogReason'
JavaScript error: resource://gre/modules/TelemetryUtils.jsm, line 154: TypeError: date is undefined
DevTools listening on ws://localhost:34505/devtools/browser/4c16e528-5bdc-4152-ba45-d883f8732a05
1640637720846	Marionette	INFO	Listening on port 45951
1640637721620	RemoteAgent	WARN	TLS certificate errors will be ignored for this session
1640637749116	geckodriver	INFO	Listening on 127.0.0.1:41413
1640637749119	mozrunner::runner	INFO	Running command: "/usr/bin/firefox" "--marionette" "--remote-debugging-port" "37045" "-no-remote" "-profile" "/tmp/rust_mozprofileYH43B0"
1640637749735	Marionette	INFO	Marionette enabled
console.info: MINT: Trying to use the system region (based on LANG).
console.info: MINT: System region is US
console.info: MINT: Trying to use the system region (based on LANG).
console.info: MINT: System region is US
console.warn: SearchSettings: "get: No settings file exists, new profile?" (new NotFoundError("Could not open the file at /tmp/rust_mozprofileYH43B0/search.json.mozlz4", (void 0)))
console.info: MINT: Loading search-config defaults.
JavaScript error: resource://gre/modules/TelemetryUtils.jsm, line 154: TypeError: date is undefined
JavaScript error: resource:///modules/BrowserGlue.jsm, line 4033: TypeError: invalid assignment to const 'dialogReason'
DevTools listening on ws://localhost:37045/devtools/browser/01f8ce65-2b07-41a5-858f-8453ad83857c
1640637750880	Marionette	INFO	Listening on port 46731
1640637750933	RemoteAgent	WARN	TLS certificate errors will be ignored for this session
1640637768371	geckodriver	INFO	Listening on 127.0.0.1:52135
1640637768375	mozrunner::runner	INFO	Running command: "/usr/bin/firefox" "--marionette" "--remote-debugging-port" "56287" "-no-remote" "-profile" "/tmp/rust_mozprofileuOY5B1"
1640637768990	Marionette	INFO	Marionette enabled
console.info: MINT: Trying to use the system region (based on LANG).
console.info: MINT: System region is US
console.info: MINT: Trying to use the system region (based on LANG).
console.info: MINT: System region is US
console.warn: SearchSettings: "get: No settings file exists, new profile?" (new NotFoundError("Could not open the file at /tmp/rust_mozprofileuOY5B1/search.json.mozlz4", (void 0)))
console.info: MINT: Loading search-config defaults.
JavaScript error: resource://gre/modules/TelemetryUtils.jsm, line 154: TypeError: date is undefined
JavaScript error: resource:///modules/BrowserGlue.jsm, line 4033: TypeError: invalid assignment to const 'dialogReason'
DevTools listening on ws://localhost:56287/devtools/browser/01747eeb-9401-49ca-adc9-dd5f120f4059
1640637770181	Marionette	INFO	Listening on port 43723
1640637770289	RemoteAgent	WARN	TLS certificate errors will be ignored for this session
1640637837232	geckodriver	INFO	Listening on 127.0.0.1:45023
1640637837235	mozrunner::runner	INFO	Running command: "/usr/bin/firefox" "--marionette" "--remote-debugging-port" "50363" "-no-remote" "-profile" "/tmp/rust_mozprofileL6Nz6J"
1640637837823	Marionette	INFO	Marionette enabled
console.info: MINT: Trying to use the system region (based on LANG).
console.info: MINT: System region is US
console.info: MINT: Trying to use the system region (based on LANG).
console.info: MINT: System region is US
console.warn: SearchSettings: "get: No settings file exists, new profile?" (new NotFoundError("Could not open the file at /tmp/rust_mozprofileL6Nz6J/search.json.mozlz4", (void 0)))
console.info: MINT: Loading search-config defaults.
JavaScript error: resource://gre/modules/TelemetryUtils.jsm, line 154: TypeError: date is undefined
JavaScript error: resource:///modules/BrowserGlue.jsm, line 4033: TypeError: invalid assignment to const 'dialogReason'
DevTools listening on ws://localhost:50363/devtools/browser/e018cc58-30b9-4f69-a3b7-eca8e411d971
1640637839313	Marionette	INFO	Listening on port 40277
1640637839351	RemoteAgent	WARN	TLS certificate errors will be ignored for this session
JavaScript error: resource://gre/actors/AutoCompleteChild.jsm, line 125: Error: Invalid autocomplete selectedIndex
JavaScript error: resource://gre/actors/AutoCompleteChild.jsm, line 125: Error: Invalid autocomplete selectedIndex
JavaScript error: resource://gre/modules/LoginManagerChild.jsm, line 194: NS_ERROR_XPC_JAVASCRIPT_ERROR_WITH_DETAILS: [JavaScript Error: "Invalid autocomplete selectedIndex" {file: "resource://gre/actors/AutoCompleteChild.jsm" line: 125}]'[JavaScript Error: "Invalid autocomplete selectedIndex" {file: "resource://gre/actors/AutoCompleteChild.jsm" line: 125}]' when calling method: [nsIAutoCompletePopup::selectedIndex]
1640637918236	geckodriver	INFO	Listening on 127.0.0.1:40643
1640637918239	mozrunner::runner	INFO	Running command: "/usr/bin/firefox" "--marionette" "--remote-debugging-port" "42923" "-no-remote" "-profile" "/tmp/rust_mozprofileK77SUX"
1640637918831	Marionette	INFO	Marionette enabled
console.info: MINT: Trying to use the system region (based on LANG).
console.info: MINT: System region is US
console.info: MINT: Trying to use the system region (based on LANG).
console.info: MINT: System region is US
console.warn: SearchSettings: "get: No settings file exists, new profile?" (new NotFoundError("Could not open the file at /tmp/rust_mozprofileK77SUX/search.json.mozlz4", (void 0)))
console.info: MINT: Loading search-config defaults.
JavaScript error: resource://gre/modules/TelemetryUtils.jsm, line 154: TypeError: date is undefined
JavaScript error: resource:///modules/BrowserGlue.jsm, line 4033: TypeError: invalid assignment to const 'dialogReason'
DevTools listening on ws://localhost:42923/devtools/browser/1fa2f2f9-81f4-4182-a720-0d0192a36aa0
1640637920112	Marionette	INFO	Listening on port 33641
1640637920161	RemoteAgent	WARN	TLS certificate errors will be ignored for this session
1640637941049	geckodriver	INFO	Listening on 127.0.0.1:53129
1640637941052	mozrunner::runner	INFO	Running command: "/usr/bin/firefox" "--marionette" "--remote-debugging-port" "38545" "-no-remote" "-profile" "/tmp/rust_mozprofileWgULJc"
1640637941623	Marionette	INFO	Marionette enabled
console.info: MINT: Trying to use the system region (based on LANG).
console.info: MINT: System region is US
console.info: MINT: Trying to use the system region (based on LANG).
console.info: MINT: System region is US
console.warn: SearchSettings: "get: No settings file exists, new profile?" (new NotFoundError("Could not open the file at /tmp/rust_mozprofileWgULJc/search.json.mozlz4", (void 0)))
console.info: MINT: Loading search-config defaults.
JavaScript error: resource://gre/modules/TelemetryUtils.jsm, line 154: TypeError: date is undefined
JavaScript error: resource:///modules/BrowserGlue.jsm, line 4033: TypeError: invalid assignment to const 'dialogReason'
DevTools listening on ws://localhost:38545/devtools/browser/a385bba6-33d2-47cf-a555-8536ae466afe
1640637942908	Marionette	INFO	Listening on port 34613
1640637942970	RemoteAgent	WARN	TLS certificate errors will be ignored for this session
JavaScript error: resource://gre/actors/AutoCompleteChild.jsm, line 125: Error: Invalid autocomplete selectedIndex
JavaScript error: resource://gre/actors/AutoCompleteChild.jsm, line 125: Error: Invalid autocomplete selectedIndex
JavaScript error: resource://gre/modules/LoginManagerChild.jsm, line 194: NS_ERROR_XPC_JAVASCRIPT_ERROR_WITH_DETAILS: [JavaScript Error: "Invalid autocomplete selectedIndex" {file: "resource://gre/actors/AutoCompleteChild.jsm" line: 125}]'[JavaScript Error: "Invalid autocomplete selectedIndex" {file: "resource://gre/actors/AutoCompleteChild.jsm" line: 125}]' when calling method: [nsIAutoCompletePopup::selectedIndex]
1640637983227	geckodriver	INFO	Listening on 127.0.0.1:41993
1640637983230	mozrunner::runner	INFO	Running command: "/usr/bin/firefox" "--marionette" "--remote-debugging-port" "44719" "-no-remote" "-profile" "/tmp/rust_mozprofilejsiI5M"
1640637983767	Marionette	INFO	Marionette enabled
console.info: MINT: Trying to use the system region (based on LANG).
console.info: MINT: System region is US
console.info: MINT: Trying to use the system region (based on LANG).
console.info: MINT: System region is US
console.warn: SearchSettings: "get: No settings file exists, new profile?" (new NotFoundError("Could not open the file at /tmp/rust_mozprofilejsiI5M/search.json.mozlz4", (void 0)))
console.info: MINT: Loading search-config defaults.
JavaScript error: resource://gre/modules/TelemetryUtils.jsm, line 154: TypeError: date is undefined
JavaScript error: resource:///modules/BrowserGlue.jsm, line 4033: TypeError: invalid assignment to const 'dialogReason'
DevTools listening on ws://localhost:44719/devtools/browser/add1a606-f02a-4368-bcc3-b788c193445a
1640637985079	Marionette	INFO	Listening on port 37945
1640637985146	RemoteAgent	WARN	TLS certificate errors will be ignored for this session
console.info: MINT: main/search-config update being skipped
1640637998157	Marionette	INFO	Stopped listening on port 37945
console.warn: TopSitesFeed: Failed to fetch data from Contile server: NetworkError when attempting to fetch resource.

###!!! [Parent][RunMessage] Error: Channel closing: too late to send/recv, messages will be lost

1640638000293	Marionette	INFO	Stopped listening on port 34613

###!!! [Child][RunMessage] Error: Channel closing: too late to send/recv, messages will be lost

console.warn: TopSitesFeed: Failed to fetch data from Contile server: NetworkError when attempting to fetch resource.

###!!! [Parent][RunMessage] Error: Channel closing: too late to send/recv, messages will be lost

1640638010726	Marionette	INFO	Stopped listening on port 33641
console.warn: TopSitesFeed: Failed to fetch data from Contile server: NetworkError when attempting to fetch resource.

###!!! [Parent][RunMessage] Error: Channel closing: too late to send/recv, messages will be lost

1640638014784	Marionette	INFO	Stopped listening on port 45951
console.warn: TopSitesFeed: Failed to fetch data from Contile server: NetworkError when attempting to fetch resource.

###!!! [Parent][RunMessage] Error: Channel closing: too late to send/recv, messages will be lost

1640638019722	Marionette	INFO	Stopped listening on port 46731
console.warn: TopSitesFeed: Failed to fetch data from Contile server: NetworkError when attempting to fetch resource.
1640638021327	Marionette	INFO	Stopped listening on port 40277
console.warn: TopSitesFeed: Failed to fetch data from Contile server: NetworkError when attempting to fetch resource.

###!!! [Parent][RunMessage] Error: Channel closing: too late to send/recv, messages will be lost

1640638025353	Marionette	INFO	Stopped listening on port 43723
console.warn: TopSitesFeed: Failed to fetch data from Contile server: NetworkError when attempting to fetch resource.

###!!! [Parent][RunMessage] Error: Channel closing: too late to send/recv, messages will be lost

1640638028813	geckodriver	INFO	Listening on 127.0.0.1:37283
1640638028816	mozrunner::runner	INFO	Running command: "/usr/bin/firefox" "--marionette" "--remote-debugging-port" "43045" "-no-remote" "-profile" "/tmp/rust_mozprofileKUi5x4"
1640638029422	Marionette	INFO	Marionette enabled
console.info: MINT: Trying to use the system region (based on LANG).
console.info: MINT: System region is US
console.info: MINT: Trying to use the system region (based on LANG).
console.info: MINT: System region is US
console.warn: SearchSettings: "get: No settings file exists, new profile?" (new NotFoundError("Could not open the file at /tmp/rust_mozprofileKUi5x4/search.json.mozlz4", (void 0)))
console.info: MINT: Loading search-config defaults.
JavaScript error: resource://gre/modules/TelemetryUtils.jsm, line 154: TypeError: date is undefined
JavaScript error: resource:///modules/BrowserGlue.jsm, line 4033: TypeError: invalid assignment to const 'dialogReason'
DevTools listening on ws://localhost:43045/devtools/browser/2785d398-d4f3-4088-af45-412cd1256544
1640638030881	Marionette	INFO	Listening on port 42865
1640638030931	RemoteAgent	WARN	TLS certificate errors will be ignored for this session
JavaScript error: resource://gre/actors/AutoCompleteChild.jsm, line 125: Error: Invalid autocomplete selectedIndex
JavaScript error: resource://gre/actors/AutoCompleteChild.jsm, line 125: Error: Invalid autocomplete selectedIndex
JavaScript error: resource://gre/modules/LoginManagerChild.jsm, line 194: NS_ERROR_XPC_JAVASCRIPT_ERROR_WITH_DETAILS: [JavaScript Error: "Invalid autocomplete selectedIndex" {file: "resource://gre/actors/AutoCompleteChild.jsm" line: 125}]'[JavaScript Error: "Invalid autocomplete selectedIndex" {file: "resource://gre/actors/AutoCompleteChild.jsm" line: 125}]' when calling method: [nsIAutoCompletePopup::selectedIndex]
1640638237895	geckodriver	INFO	Listening on 127.0.0.1:49407
1640638237898	mozrunner::runner	INFO	Running command: "/usr/bin/firefox" "--marionette" "--remote-debugging-port" "59647" "-no-remote" "-profile" "/tmp/rust_mozprofileEUkX8b"
1640638238421	Marionette	INFO	Marionette enabled
console.info: MINT: Trying to use the system region (based on LANG).
console.info: MINT: System region is US
console.info: MINT: Trying to use the system region (based on LANG).
console.info: MINT: System region is US
console.warn: SearchSettings: "get: No settings file exists, new profile?" (new NotFoundError("Could not open the file at /tmp/rust_mozprofileEUkX8b/search.json.mozlz4", (void 0)))
console.info: MINT: Loading search-config defaults.
JavaScript error: resource://gre/modules/TelemetryUtils.jsm, line 154: TypeError: date is undefined
JavaScript error: resource:///modules/BrowserGlue.jsm, line 4033: TypeError: invalid assignment to const 'dialogReason'
DevTools listening on ws://localhost:59647/devtools/browser/47e5eba4-899f-4d81-8983-b70967281b20
1640638239746	Marionette	INFO	Listening on port 46735
1640638239814	RemoteAgent	WARN	TLS certificate errors will be ignored for this session
JavaScript error: resource://gre/actors/AutoCompleteChild.jsm, line 125: Error: Invalid autocomplete selectedIndex
JavaScript error: resource://gre/actors/AutoCompleteChild.jsm, line 125: Error: Invalid autocomplete selectedIndex
JavaScript error: resource://gre/modules/LoginManagerChild.jsm, line 194: NS_ERROR_XPC_JAVASCRIPT_ERROR_WITH_DETAILS: [JavaScript Error: "Invalid autocomplete selectedIndex" {file: "resource://gre/actors/AutoCompleteChild.jsm" line: 125}]'[JavaScript Error: "Invalid autocomplete selectedIndex" {file: "resource://gre/actors/AutoCompleteChild.jsm" line: 125}]' when calling method: [nsIAutoCompletePopup::selectedIndex]
1640638284774	geckodriver	INFO	Listening on 127.0.0.1:49449
1640638284778	mozrunner::runner	INFO	Running command: "/usr/bin/firefox" "--marionette" "--remote-debugging-port" "39601" "-no-remote" "-profile" "/tmp/rust_mozprofilel42jr8"
1640638285419	Marionette	INFO	Marionette enabled
console.info: MINT: Trying to use the system region (based on LANG).
console.info: MINT: System region is US
console.info: MINT: Trying to use the system region (based on LANG).
console.info: MINT: System region is US
console.warn: SearchSettings: "get: No settings file exists, new profile?" (new NotFoundError("Could not open the file at /tmp/rust_mozprofilel42jr8/search.json.mozlz4", (void 0)))
console.info: MINT: Loading search-config defaults.
JavaScript error: resource:///modules/BrowserGlue.jsm, line 4033: TypeError: invalid assignment to const 'dialogReason'
JavaScript error: resource://gre/modules/TelemetryUtils.jsm, line 154: TypeError: date is undefined
DevTools listening on ws://localhost:39601/devtools/browser/d779fa7d-5248-4182-99e3-596f9e29b048
1640638286677	Marionette	INFO	Listening on port 35391
1640638286695	RemoteAgent	WARN	TLS certificate errors will be ignored for this session
JavaScript error: resource://gre/actors/AutoCompleteChild.jsm, line 125: Error: Invalid autocomplete selectedIndex
JavaScript error: resource://gre/actors/AutoCompleteChild.jsm, line 125: Error: Invalid autocomplete selectedIndex
JavaScript error: resource://gre/modules/LoginManagerChild.jsm, line 194: NS_ERROR_XPC_JAVASCRIPT_ERROR_WITH_DETAILS: [JavaScript Error: "Invalid autocomplete selectedIndex" {file: "resource://gre/actors/AutoCompleteChild.jsm" line: 125}]'[JavaScript Error: "Invalid autocomplete selectedIndex" {file: "resource://gre/actors/AutoCompleteChild.jsm" line: 125}]' when calling method: [nsIAutoCompletePopup::selectedIndex]
console.info: MINT: main/search-config update being skipped
1640638331167	geckodriver	INFO	Listening on 127.0.0.1:49807
1640638331170	mozrunner::runner	INFO	Running command: "/usr/bin/firefox" "--marionette" "--remote-debugging-port" "49251" "-no-remote" "-profile" "/tmp/rust_mozprofileeg0NgV"
1640638331728	Marionette	INFO	Marionette enabled
console.info: MINT: Trying to use the system region (based on LANG).
console.info: MINT: System region is US
console.info: MINT: Trying to use the system region (based on LANG).
console.info: MINT: System region is US
console.warn: SearchSettings: "get: No settings file exists, new profile?" (new NotFoundError("Could not open the file at /tmp/rust_mozprofileeg0NgV/search.json.mozlz4", (void 0)))
console.info: MINT: Loading search-config defaults.
JavaScript error: resource:///modules/BrowserGlue.jsm, line 4033: TypeError: invalid assignment to const 'dialogReason'
JavaScript error: resource://gre/modules/TelemetryUtils.jsm, line 154: TypeError: date is undefined
DevTools listening on ws://localhost:49251/devtools/browser/471d36a0-2deb-4873-85b6-7fb2aa4ed9d8
1640638332944	Marionette	INFO	Listening on port 38309
1640638332985	RemoteAgent	WARN	TLS certificate errors will be ignored for this session
1640638366436	geckodriver	INFO	Listening on 127.0.0.1:54807
1640638366439	mozrunner::runner	INFO	Running command: "/usr/bin/firefox" "--marionette" "--remote-debugging-port" "57673" "-no-remote" "-profile" "/tmp/rust_mozprofilen08hPs"
1640638366978	Marionette	INFO	Marionette enabled
console.info: MINT: Trying to use the system region (based on LANG).
console.info: MINT: System region is US
console.info: MINT: Trying to use the system region (based on LANG).
console.info: MINT: System region is US
console.warn: SearchSettings: "get: No settings file exists, new profile?" (new NotFoundError("Could not open the file at /tmp/rust_mozprofilen08hPs/search.json.mozlz4", (void 0)))
console.info: MINT: Loading search-config defaults.
JavaScript error: resource://gre/modules/TelemetryUtils.jsm, line 154: TypeError: date is undefined
JavaScript error: resource:///modules/BrowserGlue.jsm, line 4033: TypeError: invalid assignment to const 'dialogReason'
DevTools listening on ws://localhost:57673/devtools/browser/172d7651-2110-406d-82ba-9182786958b6
1640638368276	Marionette	INFO	Listening on port 41121
1640638368354	RemoteAgent	WARN	TLS certificate errors will be ignored for this session
JavaScript error: resource://gre/actors/AutoCompleteChild.jsm, line 125: Error: Invalid autocomplete selectedIndex
JavaScript error: resource://gre/actors/AutoCompleteChild.jsm, line 125: Error: Invalid autocomplete selectedIndex
JavaScript error: resource://gre/modules/LoginManagerChild.jsm, line 194: NS_ERROR_XPC_JAVASCRIPT_ERROR_WITH_DETAILS: [JavaScript Error: "Invalid autocomplete selectedIndex" {file: "resource://gre/actors/AutoCompleteChild.jsm" line: 125}]'[JavaScript Error: "Invalid autocomplete selectedIndex" {file: "resource://gre/actors/AutoCompleteChild.jsm" line: 125}]' when calling method: [nsIAutoCompletePopup::selectedIndex]
console.log: WebExtensions: reset-default-search: starting.
console.log: WebExtensions: reset-default-search: No addons in our list are installed.
1640638506540	Marionette	INFO	Stopped listening on port 41121
console.warn: TopSitesFeed: Failed to fetch data from Contile server: NetworkError when attempting to fetch resource.

###!!! [Parent][RunMessage] Error: Channel closing: too late to send/recv, messages will be lost

console.info: MINT: main/search-config update being skipped
1640638511291	Marionette	INFO	Stopped listening on port 38309
console.warn: TopSitesFeed: Failed to fetch data from Contile server: NetworkError when attempting to fetch resource.

###!!! [Parent][RunMessage] Error: Channel closing: too late to send/recv, messages will be lost

1640638534495	geckodriver	INFO	Listening on 127.0.0.1:35429
1640638534499	mozrunner::runner	INFO	Running command: "/usr/bin/firefox" "--marionette" "--remote-debugging-port" "42955" "-no-remote" "-profile" "/tmp/rust_mozprofileZFF5vM"
1640638535006	Marionette	INFO	Marionette enabled
console.info: MINT: Trying to use the system region (based on LANG).
console.info: MINT: System region is US
console.info: MINT: Trying to use the system region (based on LANG).
console.info: MINT: System region is US
console.warn: SearchSettings: "get: No settings file exists, new profile?" (new NotFoundError("Could not open the file at /tmp/rust_mozprofileZFF5vM/search.json.mozlz4", (void 0)))
console.info: MINT: Loading search-config defaults.
JavaScript error: resource://gre/modules/TelemetryUtils.jsm, line 154: TypeError: date is undefined
JavaScript error: resource:///modules/BrowserGlue.jsm, line 4033: TypeError: invalid assignment to const 'dialogReason'
DevTools listening on ws://localhost:42955/devtools/browser/0281869e-f6f3-4d12-bd6b-1f532e428199
1640638536249	Marionette	INFO	Listening on port 37891
1640638536313	RemoteAgent	WARN	TLS certificate errors will be ignored for this session
1640638554711	geckodriver	INFO	Listening on 127.0.0.1:48701
1640638554714	mozrunner::runner	INFO	Running command: "/usr/bin/firefox" "--marionette" "--remote-debugging-port" "54317" "-no-remote" "-profile" "/tmp/rust_mozprofilemnl6Ur"
1640638555247	Marionette	INFO	Marionette enabled
console.info: MINT: Trying to use the system region (based on LANG).
console.info: MINT: System region is US
console.info: MINT: Trying to use the system region (based on LANG).
console.info: MINT: System region is US
console.warn: SearchSettings: "get: No settings file exists, new profile?" (new NotFoundError("Could not open the file at /tmp/rust_mozprofilemnl6Ur/search.json.mozlz4", (void 0)))
console.info: MINT: Loading search-config defaults.
JavaScript error: resource://gre/modules/TelemetryUtils.jsm, line 154: TypeError: date is undefined
JavaScript error: resource:///modules/BrowserGlue.jsm, line 4033: TypeError: invalid assignment to const 'dialogReason'
DevTools listening on ws://localhost:54317/devtools/browser/e376dc9e-2de3-4f52-94e1-ae205908268f
1640638556408	Marionette	INFO	Listening on port 43655
1640638556429	RemoteAgent	WARN	TLS certificate errors will be ignored for this session
console.info: MINT: main/search-config update being skipped
JavaScript error: resource://gre/actors/AutoCompleteChild.jsm, line 125: Error: Invalid autocomplete selectedIndex
JavaScript error: resource://gre/actors/AutoCompleteChild.jsm, line 125: Error: Invalid autocomplete selectedIndex
JavaScript error: resource://gre/modules/LoginManagerChild.jsm, line 194: NS_ERROR_XPC_JAVASCRIPT_ERROR_WITH_DETAILS: [JavaScript Error: "Invalid autocomplete selectedIndex" {file: "resource://gre/actors/AutoCompleteChild.jsm" line: 125}]'[JavaScript Error: "Invalid autocomplete selectedIndex" {file: "resource://gre/actors/AutoCompleteChild.jsm" line: 125}]' when calling method: [nsIAutoCompletePopup::selectedIndex]
1640638597973	Marionette	INFO	Stopped listening on port 37891
console.warn: TopSitesFeed: Failed to fetch data from Contile server: NetworkError when attempting to fetch resource.

###!!! [Parent][RunMessage] Error: Channel closing: too late to send/recv, messages will be lost

1640638611460	Marionette	INFO	Stopped listening on port 35391
console.warn: TopSitesFeed: Failed to fetch data from Contile server: NetworkError when attempting to fetch resource.

###!!! [Parent][RunMessage] Error: Channel closing: too late to send/recv, messages will be lost

1640638616187	Marionette	INFO	Stopped listening on port 46735
console.warn: TopSitesFeed: Failed to fetch data from Contile server: NetworkError when attempting to fetch resource.
1640638622576	Marionette	INFO	Stopped listening on port 42865
console.warn: TopSitesFeed: Failed to fetch data from Contile server: NetworkError when attempting to fetch resource.

###!!! [Parent][RunMessage] Error: Channel closing: too late to send/recv, messages will be lost

console.info: MINT: main/search-config update being skipped
console.log: WebExtensions: reset-default-search: starting.
console.log: WebExtensions: reset-default-search: No addons in our list are installed.
1640639256729	Marionette	INFO	Stopped listening on port 43655
console.warn: TopSitesFeed: Failed to fetch data from Contile server: NetworkError when attempting to fetch resource.

###!!! [Parent][RunMessage] Error: Channel closing: too late to send/recv, messages will be lost

1640642299481	geckodriver	INFO	Listening on 127.0.0.1:50945
1640642299484	mozrunner::runner	INFO	Running command: "/usr/bin/firefox" "--marionette" "--remote-debugging-port" "51047" "-no-remote" "-profile" "/tmp/rust_mozprofileuMloER"
1640642300052	Marionette	INFO	Marionette enabled
console.info: MINT: Trying to use the system region (based on LANG).
console.info: MINT: System region is US
console.info: MINT: Trying to use the system region (based on LANG).
console.info: MINT: System region is US
console.warn: SearchSettings: "get: No settings file exists, new profile?" (new NotFoundError("Could not open the file at /tmp/rust_mozprofileuMloER/search.json.mozlz4", (void 0)))
console.info: MINT: Loading search-config defaults.
JavaScript error: resource://gre/modules/TelemetryUtils.jsm, line 154: TypeError: date is undefined
JavaScript error: resource:///modules/BrowserGlue.jsm, line 4033: TypeError: invalid assignment to const 'dialogReason'
DevTools listening on ws://localhost:51047/devtools/browser/c8ae8fd6-7189-40b1-b161-b359942944c3
1640642301241	Marionette	INFO	Listening on port 36115
1640642301298	RemoteAgent	WARN	TLS certificate errors will be ignored for this session
1640642346594	geckodriver	INFO	Listening on 127.0.0.1:60609
1640642346597	mozrunner::runner	INFO	Running command: "/usr/bin/firefox" "--marionette" "--remote-debugging-port" "60401" "-no-remote" "-profile" "/tmp/rust_mozprofilesNLOHB"
1640642347160	Marionette	INFO	Marionette enabled
console.info: MINT: Trying to use the system region (based on LANG).
console.info: MINT: System region is US
console.info: MINT: Trying to use the system region (based on LANG).
console.info: MINT: System region is US
console.warn: SearchSettings: "get: No settings file exists, new profile?" (new NotFoundError("Could not open the file at /tmp/rust_mozprofilesNLOHB/search.json.mozlz4", (void 0)))
console.info: MINT: Loading search-config defaults.
JavaScript error: resource://gre/modules/TelemetryUtils.jsm, line 154: TypeError: date is undefined
JavaScript error: resource:///modules/BrowserGlue.jsm, line 4033: TypeError: invalid assignment to const 'dialogReason'
DevTools listening on ws://localhost:60401/devtools/browser/d89d08ef-0d3d-40dc-9ec4-91e28c9fe4ca
1640642348441	Marionette	INFO	Listening on port 42283
1640642348512	RemoteAgent	WARN	TLS certificate errors will be ignored for this session
JavaScript error: resource://gre/actors/AutoCompleteChild.jsm, line 125: Error: Invalid autocomplete selectedIndex
JavaScript error: resource://gre/actors/AutoCompleteChild.jsm, line 125: Error: Invalid autocomplete selectedIndex
JavaScript error: resource://gre/modules/LoginManagerChild.jsm, line 194: NS_ERROR_XPC_JAVASCRIPT_ERROR_WITH_DETAILS: [JavaScript Error: "Invalid autocomplete selectedIndex" {file: "resource://gre/actors/AutoCompleteChild.jsm" line: 125}]'[JavaScript Error: "Invalid autocomplete selectedIndex" {file: "resource://gre/actors/AutoCompleteChild.jsm" line: 125}]' when calling method: [nsIAutoCompletePopup::selectedIndex]
Exiting due to channel error.
Exiting due to channel error.
Exiting due to channel error.
1640642489100	Marionette	INFO	Stopped listening on port 36115
console.warn: TopSitesFeed: Failed to fetch data from Contile server: NetworkError when attempting to fetch resource.

###!!! [Parent][RunMessage] Error: Channel closing: too late to send/recv, messages will be lost

1640643047542	geckodriver	INFO	Listening on 127.0.0.1:58669
1640643047545	mozrunner::runner	INFO	Running command: "/usr/bin/firefox" "--marionette" "--remote-debugging-port" "36013" "-no-remote" "-profile" "/tmp/rust_mozprofileYW9xNV"
1640643048126	Marionette	INFO	Marionette enabled
console.info: MINT: Trying to use the system region (based on LANG).
console.info: MINT: System region is US
console.info: MINT: Trying to use the system region (based on LANG).
console.info: MINT: System region is US
console.warn: SearchSettings: "get: No settings file exists, new profile?" (new NotFoundError("Could not open the file at /tmp/rust_mozprofileYW9xNV/search.json.mozlz4", (void 0)))
console.info: MINT: Loading search-config defaults.
JavaScript error: resource://gre/modules/TelemetryUtils.jsm, line 154: TypeError: date is undefined
JavaScript error: resource:///modules/BrowserGlue.jsm, line 4033: TypeError: invalid assignment to const 'dialogReason'
DevTools listening on ws://localhost:36013/devtools/browser/052868a2-45b7-4cb0-8771-b0a433413480
1640643049296	Marionette	INFO	Listening on port 41851
1640643049359	RemoteAgent	WARN	TLS certificate errors will be ignored for this session
1640643086898	geckodriver	INFO	Listening on 127.0.0.1:56947
1640643086901	mozrunner::runner	INFO	Running command: "/usr/bin/firefox" "--marionette" "--remote-debugging-port" "40101" "-no-remote" "-profile" "/tmp/rust_mozprofilefflO9W"
1640643087435	Marionette	INFO	Marionette enabled
console.info: MINT: Trying to use the system region (based on LANG).
console.info: MINT: System region is US
console.info: MINT: Trying to use the system region (based on LANG).
console.info: MINT: System region is US
console.warn: SearchSettings: "get: No settings file exists, new profile?" (new NotFoundError("Could not open the file at /tmp/rust_mozprofilefflO9W/search.json.mozlz4", (void 0)))
console.info: MINT: Loading search-config defaults.
JavaScript error: resource://gre/modules/TelemetryUtils.jsm, line 154: TypeError: date is undefined
JavaScript error: resource:///modules/BrowserGlue.jsm, line 4033: TypeError: invalid assignment to const 'dialogReason'
DevTools listening on ws://localhost:40101/devtools/browser/4a5e7477-a75e-419b-b119-f1510bf26f04
1640643088636	Marionette	INFO	Listening on port 36785
1640643088716	RemoteAgent	WARN	TLS certificate errors will be ignored for this session
JavaScript error: resource://gre/actors/AutoCompleteChild.jsm, line 125: Error: Invalid autocomplete selectedIndex
JavaScript error: resource://gre/actors/AutoCompleteChild.jsm, line 125: Error: Invalid autocomplete selectedIndex
JavaScript error: resource://gre/modules/LoginManagerChild.jsm, line 194: NS_ERROR_XPC_JAVASCRIPT_ERROR_WITH_DETAILS: [JavaScript Error: "Invalid autocomplete selectedIndex" {file: "resource://gre/actors/AutoCompleteChild.jsm" line: 125}]'[JavaScript Error: "Invalid autocomplete selectedIndex" {file: "resource://gre/actors/AutoCompleteChild.jsm" line: 125}]' when calling method: [nsIAutoCompletePopup::selectedIndex]
1640643273788	Marionette	INFO	Stopped listening on port 36785
console.warn: TopSitesFeed: Failed to fetch data from Contile server: NetworkError when attempting to fetch resource.

###!!! [Parent][RunMessage] Error: Channel closing: too late to send/recv, messages will be lost

console.info: MINT: main/search-config update being skipped
console.log: WebExtensions: reset-default-search: starting.
console.log: WebExtensions: reset-default-search: No addons in our list are installed.
1640644618445	Marionette	INFO	Stopped listening on port 41851
console.warn: TopSitesFeed: Failed to fetch data from Contile server: NetworkError when attempting to fetch resource.

###!!! [Parent][RunMessage] Error: Channel closing: too late to send/recv, messages will be lost

